<?xml version="1.0" encoding="UTF-8"?>
<!-- Generated by org.testng.reporters.JUnitReportReporter -->
<testsuite skipped="0" hostname="hp640-i7-16-1-w10x64" name="testcase2" tests="1" failures="0" timestamp="2020-07-18T13:26:42 IST" time="1.012" errors="0">
  <testcase name="tecase2" time="1.012" classname="testcase2"/>
</testsuite> <!-- testcase2 -->
