<?xml version="1.0" encoding="UTF-8"?>
<!-- Generated by org.testng.reporters.JUnitReportReporter -->
<testsuite skipped="0" hostname="hp640-i7-16-1-w10x64" name="TESTDrivers" tests="1" failures="0" timestamp="2020-07-18T00:01:42 IST" time="5.465" errors="0">
  <testcase name="drivers" time="5.465" classname="TESTDrivers"/>
</testsuite> <!-- TESTDrivers -->
